# JRE version: OpenJDK Runtime Environment Temurin-21.0.6+7 (21.0.6+7) (build 21.0.6+7-LTS)
# Java VM: OpenJDK 64-Bit Server VM Temurin-21.0.6+7 (21.0.6+7-LTS, mixed mode, sharing, tiered, compressed oops, compressed class ptrs, parallel gc, windows-amd64)
GC Precious Log:
 CardTable entry size: 512
 CPUs: 4 total, 4 available
 Memory: 3930M
 Large Page Support: Disabled
 NUMA Support: Disabled
 Compressed Oops: Enabled (32-bit)
 Alignments: Space 512K, Generation 512K, Heap 2M
 Heap Min Capacity: 100M
 Heap Initial Capacity: 100M
 Heap Max Capacity: 1G
 Pre-touch: Disabled
 Parallel Workers: 4
Heap:
 PSYoungGen      total 3072K, used 2921K [0x00000000eab00000, 0x00000000eb200000, 0x0000000100000000)
  eden space 2048K, 94% used [0x00000000eab00000,0x00000000eace23c8,0x00000000ead00000)
  from space 1024K, 96% used [0x00000000ead00000,0x00000000eadf8298,0x00000000eae00000)
  to   space 2560K, 75% used [0x00000000eaf80000,0x00000000eb160000,0x00000000eb200000)
 ParOldGen       total 664576K, used 664074K [0x00000000c0000000, 0x00000000e8900000, 0x00000000eab00000)
  object space 664576K, 99% used [0x00000000c0000000,0x00000000e88828a8,0x00000000e8900000)
 Metaspace       used 73502K, committed 75072K, reserved 1179648K
  class space    used 7519K, committed 8192K, reserved 1048576K
GC Heap History (20 events):
Event: 189.731 GC heap after
{Heap after GC invocations=696 (full 3):
 PSYoungGen      total 4096K, used 1536K [0x00000000eab00000, 0x00000000eb380000, 0x0000000100000000)
  eden space 2560K, 0% used [0x00000000eab00000,0x00000000eab00000,0x00000000ead80000)
  from space 1536K, 100% used [0x00000000eae00000,0x00000000eaf80000,0x00000000eaf80000)
  to   space 3072K, 0% used [0x00000000eb080000,0x00000000eb080000,0x00000000eb380000)
 ParOldGen       total 654336K, used 654317K [0x00000000c0000000, 0x00000000e7f00000, 0x00000000eab00000)
  object space 654336K, 99% used [0x00000000c0000000,0x00000000e7efb548,0x00000000e7f00000)
 Metaspace       used 73483K, committed 75072K, reserved 1179648K
  class space    used 7519K, committed 8192K, reserved 1048576K
}
Event: 189.742 GC heap before
{Heap before GC invocations=697 (full 3):
 PSYoungGen      total 4096K, used 4096K [0x00000000eab00000, 0x00000000eb380000, 0x0000000100000000)
  eden space 2560K, 100% used [0x00000000eab00000,0x00000000ead80000,0x00000000ead80000)
  from space 1536K, 100% used [0x00000000eae00000,0x00000000eaf80000,0x00000000eaf80000)
  to   space 3072K, 0% used [0x00000000eb080000,0x00000000eb080000,0x00000000eb380000)
 ParOldGen       total 654336K, used 654317K [0x00000000c0000000, 0x00000000e7f00000, 0x00000000eab00000)
  object space 654336K, 99% used [0x00000000c0000000,0x00000000e7efb548,0x00000000e7f00000)
 Metaspace       used 73483K, committed 75072K, reserved 1179648K
  class space    used 7519K, committed 8192K, reserved 1048576K
}
Event: 189.748 GC heap after
{Heap after GC invocations=697 (full 3):
 PSYoungGen      total 5632K, used 2529K [0x00000000eab00000, 0x00000000eb400000, 0x0000000100000000)
  eden space 2560K, 0% used [0x00000000eab00000,0x00000000eab00000,0x00000000ead80000)
  from space 3072K, 82% used [0x00000000eb080000,0x00000000eb2f8530,0x00000000eb380000)
  to   space 3072K, 0% used [0x00000000ead80000,0x00000000ead80000,0x00000000eb080000)
 ParOldGen       total 656384K, used 655885K [0x00000000c0000000, 0x00000000e8100000, 0x00000000eab00000)
  object space 656384K, 99% used [0x00000000c0000000,0x00000000e8083548,0x00000000e8100000)
 Metaspace       used 73483K, committed 75072K, reserved 1179648K
  class space    used 7519K, committed 8192K, reserved 1048576K
}
Event: 189.761 GC heap before
{Heap before GC invocations=698 (full 3):
 PSYoungGen      total 5632K, used 5089K [0x00000000eab00000, 0x00000000eb400000, 0x0000000100000000)
  eden space 2560K, 100% used [0x00000000eab00000,0x00000000ead80000,0x00000000ead80000)
  from space 3072K, 82% used [0x00000000eb080000,0x00000000eb2f8530,0x00000000eb380000)
  to   space 3072K, 0% used [0x00000000ead80000,0x00000000ead80000,0x00000000eb080000)
 ParOldGen       total 656384K, used 655885K [0x00000000c0000000, 0x00000000e8100000, 0x00000000eab00000)
  object space 656384K, 99% used [0x00000000c0000000,0x00000000e8083548,0x00000000e8100000)
 Metaspace       used 73486K, committed 75072K, reserved 1179648K
  class space    used 7519K, committed 8192K, reserved 1048576K
}
Event: 189.765 GC heap after
{Heap after GC invocations=698 (full 3):
 PSYoungGen      total 3072K, used 96K [0x00000000eab00000, 0x00000000eb100000, 0x0000000100000000)
  eden space 2560K, 0% used [0x00000000eab00000,0x00000000eab00000,0x00000000ead80000)
  from space 512K, 18% used [0x00000000ead80000,0x00000000ead98000,0x00000000eae00000)
  to   space 1024K, 0% used [0x00000000eb000000,0x00000000eb000000,0x00000000eb100000)
 ParOldGen       total 657408K, used 656973K [0x00000000c0000000, 0x00000000e8200000, 0x00000000eab00000)
  object space 657408K, 99% used [0x00000000c0000000,0x00000000e8193548,0x00000000e8200000)
 Metaspace       used 73486K, committed 75072K, reserved 1179648K
  class space    used 7519K, committed 8192K, reserved 1048576K
}
Event: 189.774 GC heap before
{Heap before GC invocations=699 (full 3):
 PSYoungGen      total 3072K, used 2656K [0x00000000eab00000, 0x00000000eb100000, 0x0000000100000000)
  eden space 2560K, 100% used [0x00000000eab00000,0x00000000ead80000,0x00000000ead80000)
  from space 512K, 18% used [0x00000000ead80000,0x00000000ead98000,0x00000000eae00000)
  to   space 1024K, 0% used [0x00000000eb000000,0x00000000eb000000,0x00000000eb100000)
 ParOldGen       total 657408K, used 656973K [0x00000000c0000000, 0x00000000e8200000, 0x00000000eab00000)
  object space 657408K, 99% used [0x00000000c0000000,0x00000000e8193548,0x00000000e8200000)
 Metaspace       used 73499K, committed 75072K, reserved 1179648K
  class space    used 7519K, committed 8192K, reserved 1048576K
}
Event: 189.781 GC heap after
{Heap after GC invocations=699 (full 3):
 PSYoungGen      total 3072K, used 993K [0x00000000eab00000, 0x00000000eb400000, 0x0000000100000000)
  eden space 2048K, 0% used [0x00000000eab00000,0x00000000eab00000,0x00000000ead00000)
  from space 1024K, 97% used [0x00000000eb000000,0x00000000eb0f8530,0x00000000eb100000)
  to   space 3072K, 0% used [0x00000000ead00000,0x00000000ead00000,0x00000000eb000000)
 ParOldGen       total 658432K, used 658378K [0x00000000c0000000, 0x00000000e8300000, 0x00000000eab00000)
  object space 658432K, 99% used [0x00000000c0000000,0x00000000e82f29c8,0x00000000e8300000)
 Metaspace       used 73499K, committed 75072K, reserved 1179648K
  class space    used 7519K, committed 8192K, reserved 1048576K
}
Event: 189.794 GC heap before
{Heap before GC invocations=700 (full 3):
 PSYoungGen      total 3072K, used 3041K [0x00000000eab00000, 0x00000000eb400000, 0x0000000100000000)
  eden space 2048K, 100% used [0x00000000eab00000,0x00000000ead00000,0x00000000ead00000)
  from space 1024K, 97% used [0x00000000eb000000,0x00000000eb0f8530,0x00000000eb100000)
  to   space 3072K, 0% used [0x00000000ead00000,0x00000000ead00000,0x00000000eb000000)
 ParOldGen       total 658432K, used 658378K [0x00000000c0000000, 0x00000000e8300000, 0x00000000eab00000)
  object space 658432K, 99% used [0x00000000c0000000,0x00000000e82f29c8,0x00000000e8300000)
 Metaspace       used 73499K, committed 75072K, reserved 1179648K
  class space    used 7519K, committed 8192K, reserved 1048576K
}
Event: 189.797 GC heap after
{Heap after GC invocations=700 (full 3):
 PSYoungGen      total 3072K, used 673K [0x00000000eab00000, 0x00000000eb080000, 0x0000000100000000)
  eden space 2048K, 0% used [0x00000000eab00000,0x00000000eab00000,0x00000000ead00000)
  from space 1024K, 65% used [0x00000000ead00000,0x00000000eada8530,0x00000000eae00000)
  to   space 1536K, 0% used [0x00000000eaf00000,0x00000000eaf00000,0x00000000eb080000)
 ParOldGen       total 658944K, used 658602K [0x00000000c0000000, 0x00000000e8380000, 0x00000000eab00000)
  object space 658944K, 99% used [0x00000000c0000000,0x00000000e832a9c8,0x00000000e8380000)
 Metaspace       used 73499K, committed 75072K, reserved 1179648K
  class space    used 7519K, committed 8192K, reserved 1048576K
}
Event: 189.803 GC heap before
{Heap before GC invocations=701 (full 3):
 PSYoungGen      total 3072K, used 2721K [0x00000000eab00000, 0x00000000eb080000, 0x0000000100000000)
  eden space 2048K, 100% used [0x00000000eab00000,0x00000000ead00000,0x00000000ead00000)
  from space 1024K, 65% used [0x00000000ead00000,0x00000000eada8530,0x00000000eae00000)
  to   space 1536K, 0% used [0x00000000eaf00000,0x00000000eaf00000,0x00000000eb080000)
 ParOldGen       total 658944K, used 658602K [0x00000000c0000000, 0x00000000e8380000, 0x00000000eab00000)
  object space 658944K, 99% used [0x00000000c0000000,0x00000000e832a9c8,0x00000000e8380000)
 Metaspace       used 73499K, committed 75072K, reserved 1179648K
  class space    used 7519K, committed 8192K, reserved 1048576K
}
Event: 189.808 GC heap after
{Heap after GC invocations=701 (full 3):
 PSYoungGen      total 2560K, used 1536K [0x00000000eab00000, 0x00000000eb380000, 0x0000000100000000)
  eden space 1024K, 0% used [0x00000000eab00000,0x00000000eab00000,0x00000000eac00000)
  from space 1536K, 100% used [0x00000000eaf00000,0x00000000eb080000,0x00000000eb080000)
  to   space 3072K, 0% used [0x00000000eac00000,0x00000000eac00000,0x00000000eaf00000)
 ParOldGen       total 659968K, used 659643K [0x00000000c0000000, 0x00000000e8480000, 0x00000000eab00000)
  object space 659968K, 99% used [0x00000000c0000000,0x00000000e842eef8,0x00000000e8480000)
 Metaspace       used 73499K, committed 75072K, reserved 1179648K
  class space    used 7519K, committed 8192K, reserved 1048576K
}
Event: 190.128 GC heap before
{Heap before GC invocations=702 (full 3):
 PSYoungGen      total 2560K, used 2560K [0x00000000eab00000, 0x00000000eb380000, 0x0000000100000000)
  eden space 1024K, 100% used [0x00000000eab00000,0x00000000eac00000,0x00000000eac00000)
  from space 1536K, 100% used [0x00000000eaf00000,0x00000000eb080000,0x00000000eb080000)
  to   space 3072K, 0% used [0x00000000eac00000,0x00000000eac00000,0x00000000eaf00000)
 ParOldGen       total 659968K, used 659643K [0x00000000c0000000, 0x00000000e8480000, 0x00000000eab00000)
  object space 659968K, 99% used [0x00000000c0000000,0x00000000e842eef8,0x00000000e8480000)
 Metaspace       used 73499K, committed 75072K, reserved 1179648K
  class space    used 7519K, committed 8192K, reserved 1048576K
}
Event: 190.140 GC heap after
{Heap after GC invocations=702 (full 3):
 PSYoungGen      total 2048K, used 992K [0x00000000eab00000, 0x00000000eb080000, 0x0000000100000000)
  eden space 1024K, 0% used [0x00000000eab00000,0x00000000eab00000,0x00000000eac00000)
  from space 1024K, 96% used [0x00000000eac00000,0x00000000eacf8000,0x00000000ead00000)
  to   space 2048K, 0% used [0x00000000eae80000,0x00000000eae80000,0x00000000eb080000)
 ParOldGen       total 661504K, used 661203K [0x00000000c0000000, 0x00000000e8600000, 0x00000000eab00000)
  object space 661504K, 99% used [0x00000000c0000000,0x00000000e85b4ef8,0x00000000e8600000)
 Metaspace       used 73499K, committed 75072K, reserved 1179648K
  class space    used 7519K, committed 8192K, reserved 1048576K
}
Event: 190.153 GC heap before
{Heap before GC invocations=703 (full 3):
 PSYoungGen      total 2048K, used 1987K [0x00000000eab00000, 0x00000000eb080000, 0x0000000100000000)
  eden space 1024K, 97% used [0x00000000eab00000,0x00000000eabf8e90,0x00000000eac00000)
  from space 1024K, 96% used [0x00000000eac00000,0x00000000eacf8000,0x00000000ead00000)
  to   space 2048K, 0% used [0x00000000eae80000,0x00000000eae80000,0x00000000eb080000)
 ParOldGen       total 661504K, used 661203K [0x00000000c0000000, 0x00000000e8600000, 0x00000000eab00000)
  object space 661504K, 99% used [0x00000000c0000000,0x00000000e85b4ef8,0x00000000e8600000)
 Metaspace       used 73502K, committed 75072K, reserved 1179648K
  class space    used 7519K, committed 8192K, reserved 1048576K
}
Event: 190.161 GC heap after
{Heap after GC invocations=703 (full 3):
 PSYoungGen      total 2048K, used 480K [0x00000000eab00000, 0x00000000eaf00000, 0x0000000100000000)
  eden space 1536K, 0% used [0x00000000eab00000,0x00000000eab00000,0x00000000eac80000)
  from space 512K, 93% used [0x00000000eae80000,0x00000000eaef8298,0x00000000eaf00000)
  to   space 1024K, 0% used [0x00000000ead00000,0x00000000ead00000,0x00000000eae00000)
 ParOldGen       total 662528K, used 662155K [0x00000000c0000000, 0x00000000e8700000, 0x00000000eab00000)
  object space 662528K, 99% used [0x00000000c0000000,0x00000000e86a2ef8,0x00000000e8700000)
 Metaspace       used 73502K, committed 75072K, reserved 1179648K
  class space    used 7519K, committed 8192K, reserved 1048576K
}
Event: 190.170 GC heap before
{Heap before GC invocations=704 (full 3):
 PSYoungGen      total 2048K, used 2016K [0x00000000eab00000, 0x00000000eaf00000, 0x0000000100000000)
  eden space 1536K, 100% used [0x00000000eab00000,0x00000000eac80000,0x00000000eac80000)
  from space 512K, 93% used [0x00000000eae80000,0x00000000eaef8298,0x00000000eaf00000)
  to   space 1024K, 0% used [0x00000000ead00000,0x00000000ead00000,0x00000000eae00000)
 ParOldGen       total 662528K, used 662155K [0x00000000c0000000, 0x00000000e8700000, 0x00000000eab00000)
  object space 662528K, 99% used [0x00000000c0000000,0x00000000e86a2ef8,0x00000000e8700000)
 Metaspace       used 73502K, committed 75072K, reserved 1179648K
  class space    used 7519K, committed 8192K, reserved 1048576K
}
Event: 190.176 GC heap after
{Heap after GC invocations=704 (full 3):
 PSYoungGen      total 3072K, used 992K [0x00000000eab00000, 0x00000000eb200000, 0x0000000100000000)
  eden space 2048K, 0% used [0x00000000eab00000,0x00000000eab00000,0x00000000ead00000)
  from space 1024K, 96% used [0x00000000ead00000,0x00000000eadf8298,0x00000000eae00000)
  to   space 2560K, 0% used [0x00000000eaf80000,0x00000000eaf80000,0x00000000eb200000)
 ParOldGen       total 663552K, used 663105K [0x00000000c0000000, 0x00000000e8800000, 0x00000000eab00000)
  object space 663552K, 99% used [0x00000000c0000000,0x00000000e8790610,0x00000000e8800000)
 Metaspace       used 73502K, committed 75072K, reserved 1179648K
  class space    used 7519K, committed 8192K, reserved 1048576K
}
Event: 190.209 GC heap before
{Heap before GC invocations=705 (full 3):
 PSYoungGen      total 3072K, used 2921K [0x00000000eab00000, 0x00000000eb200000, 0x0000000100000000)
  eden space 2048K, 94% used [0x00000000eab00000,0x00000000eace23c8,0x00000000ead00000)
  from space 1024K, 96% used [0x00000000ead00000,0x00000000eadf8298,0x00000000eae00000)
  to   space 2560K, 0% used [0x00000000eaf80000,0x00000000eaf80000,0x00000000eb200000)
 ParOldGen       total 663552K, used 663105K [0x00000000c0000000, 0x00000000e8800000, 0x00000000eab00000)
  object space 663552K, 99% used [0x00000000c0000000,0x00000000e8790610,0x00000000e8800000)
 Metaspace       used 73502K, committed 75072K, reserved 1179648K
  class space    used 7519K, committed 8192K, reserved 1048576K
}
Event: 190.220 GC heap after
{Heap after GC invocations=705 (full 3):
 PSYoungGen      total 3072K, used 2921K [0x00000000eab00000, 0x00000000eb200000, 0x0000000100000000)
  eden space 2048K, 94% used [0x00000000eab00000,0x00000000eace23c8,0x00000000ead00000)
  from space 1024K, 96% used [0x00000000ead00000,0x00000000eadf8298,0x00000000eae00000)
  to   space 2560K, 75% used [0x00000000eaf80000,0x00000000eb160000,0x00000000eb200000)
 ParOldGen       total 664576K, used 664074K [0x00000000c0000000, 0x00000000e8900000, 0x00000000eab00000)
  object space 664576K, 99% used [0x00000000c0000000,0x00000000e88828a8,0x00000000e8900000)
 Metaspace       used 73502K, committed 75072K, reserved 1179648K
  class space    used 7519K, committed 8192K, reserved 1048576K
}
Event: 190.220 GC heap before
{Heap before GC invocations=706 (full 4):
 PSYoungGen      total 3072K, used 2921K [0x00000000eab00000, 0x00000000eb200000, 0x0000000100000000)
  eden space 2048K, 94% used [0x00000000eab00000,0x00000000eace23c8,0x00000000ead00000)
  from space 1024K, 96% used [0x00000000ead00000,0x00000000eadf8298,0x00000000eae00000)
  to   space 2560K, 75% used [0x00000000eaf80000,0x00000000eb160000,0x00000000eb200000)
 ParOldGen       total 664576K, used 664074K [0x00000000c0000000, 0x00000000e8900000, 0x00000000eab00000)
  object space 664576K, 99% used [0x00000000c0000000,0x00000000e88828a8,0x00000000e8900000)
 Metaspace       used 73502K, committed 75072K, reserved 1179648K
  class space    used 7519K, committed 8192K, reserved 1048576K
}

